
SQL*Loader: Release 11.2.0.2.0 - Production on Mon Apr 25 21:12:34 2022

Copyright (c) 1982, 2009, Oracle and/or its affiliates.  All rights reserved.

Control File:   message.ctl
Data File:      message.csv
  Bad File:     message.bad
  Discard File:  none specified
 
 (Allow all discards)

Number to load: ALL
Number to skip: 0
Errors allowed: 50
Bind array:     64 rows, maximum of 256000 bytes
Continuation:    none specified
Path used:      Conventional

Table MESSAGE, loaded from every logical record.
Insert option in effect for this table: INSERT

   Column Name                  Position   Len  Term Encl Datatype
------------------------------ ---------- ----- ---- ---- ---------------------
MESSAGE_ID                          FIRST     *   ,       CHARACTER            
SENDER_ID                            NEXT     *   ,       CHARACTER            
RECEIVER_ID                          NEXT     *   ,       CHARACTER            
CONTENT                              NEXT     *   ,       CHARACTER            


Table MESSAGE:
  1 Row successfully loaded.
  0 Rows not loaded due to data errors.
  0 Rows not loaded because all WHEN clauses were failed.
  0 Rows not loaded because all fields were null.


Space allocated for bind array:                  66048 bytes(64 rows)
Read   buffer bytes: 1048576

Total logical records skipped:          0
Total logical records read:             1
Total logical records rejected:         0
Total logical records discarded:        0

Run began on Mon Apr 25 21:12:34 2022
Run ended on Mon Apr 25 21:12:34 2022

Elapsed time was:     00:00:00.03
CPU time was:         00:00:00.00
