
SQL*Loader: Release 11.2.0.2.0 - Production on Mon Apr 25 21:12:34 2022

Copyright (c) 1982, 2009, Oracle and/or its affiliates.  All rights reserved.

Control File:   post.ctl
Data File:      post.csv
  Bad File:     post.bad
  Discard File:  none specified
 
 (Allow all discards)

Number to load: ALL
Number to skip: 0
Errors allowed: 50
Bind array:     64 rows, maximum of 256000 bytes
Continuation:    none specified
Path used:      Conventional

Table POST, loaded from every logical record.
Insert option in effect for this table: INSERT

   Column Name                  Position   Len  Term Encl Datatype
------------------------------ ---------- ----- ---- ---- ---------------------
POST_ID                             FIRST     *   ,       CHARACTER            
POSTER_ID                            NEXT     *   ,       CHARACTER            
LOCATION                             NEXT     *   ,       CHARACTER            
FORMALITY                            NEXT     *   ,       CHARACTER            
IS_DRINKING                          NEXT     *   ,       CHARACTER            
IS_BETTING                           NEXT     *   ,       CHARACTER            
IS_MUSIC                             NEXT     *   ,       CHARACTER            
TRANSPORT                            NEXT     *   ,       CHARACTER            
NUM_HOLES                            NEXT     *   ,       CHARACTER            
NUM_PEOPLE                           NEXT     *   ,       CHARACTER            
CAPTION                              NEXT     *   ,       CHARACTER            


Table POST:
  2 Rows successfully loaded.
  0 Rows not loaded due to data errors.
  0 Rows not loaded because all WHEN clauses were failed.
  0 Rows not loaded because all fields were null.


Space allocated for bind array:                 181632 bytes(64 rows)
Read   buffer bytes: 1048576

Total logical records skipped:          0
Total logical records read:             2
Total logical records rejected:         0
Total logical records discarded:        0

Run began on Mon Apr 25 21:12:34 2022
Run ended on Mon Apr 25 21:12:34 2022

Elapsed time was:     00:00:00.03
CPU time was:         00:00:00.00
