
SQL*Loader: Release 11.2.0.2.0 - Production on Mon May 2 04:47:25 2022

Copyright (c) 1982, 2009, Oracle and/or its affiliates.  All rights reserved.

Control File:   teetime.ctl
Data File:      teetime.csv
  Bad File:     teetime.bad
  Discard File:  none specified
 
 (Allow all discards)

Number to load: ALL
Number to skip: 0
Errors allowed: 50
Bind array:     64 rows, maximum of 256000 bytes
Continuation:    none specified
Path used:      Conventional

Table TEETIME, loaded from every logical record.
Insert option in effect for this table: INSERT

   Column Name                  Position   Len  Term Encl Datatype
------------------------------ ---------- ----- ---- ---- ---------------------
TEETIME_ID                          FIRST     *   ,       CHARACTER            
COURSE_ID                            NEXT     *   ,       CHARACTER            
GOLFER1_ID                           NEXT     *   ,       CHARACTER            
GOLFER2_ID                           NEXT     *   ,       CHARACTER            
GOLFER3_ID                           NEXT     *   ,       CHARACTER            
GOLFER4_ID                           NEXT     *   ,       CHARACTER            
NUM_HOLES                            NEXT     *   ,       CHARACTER            


Table TEETIME:
  1 Row successfully loaded.
  0 Rows not loaded due to data errors.
  0 Rows not loaded because all WHEN clauses were failed.
  0 Rows not loaded because all fields were null.


Space allocated for bind array:                 115584 bytes(64 rows)
Read   buffer bytes: 1048576

Total logical records skipped:          0
Total logical records read:             1
Total logical records rejected:         0
Total logical records discarded:        0

Run began on Mon May 02 04:47:25 2022
Run ended on Mon May 02 04:47:25 2022

Elapsed time was:     00:00:00.03
CPU time was:         00:00:00.01
